frontend/build/app/intermediates/manifest_merge_blame_file/release/manifest-merger-blame-release-report.txt
1<?xml version="1.0" encoding="utf-8"?>
2<manifest xmlns:android="http://schemas.android.com/apk/res/android"
3    package="com.example.geo_attendance"
4    android:versionCode="1"
5    android:versionName="1.0.0" >
6
7    <uses-sdk
8        android:minSdkVersion="21"
9        android:targetSdkVersion="35" />
10
11    <!-- Permissions -->
12    <uses-permission android:name="android.permission.INTERNET" />
12-->src\main\AndroidManifest.xml:5:5-67
12-->src\main\AndroidManifest.xml:5:22-64
13    <uses-permission android:name="android.permission.ACCESS_FINE_LOCATION" />
13-->src\main\AndroidManifest.xml:6:5-79
13-->src\main\AndroidManifest.xml:6:22-76
14    <uses-permission android:name="android.permission.ACCESS_COARSE_LOCATION" />
14-->src\main\AndroidManifest.xml:7:5-81
14-->src\main\AndroidManifest.xml:7:22-78
15    <uses-permission android:name="android.permission.ACCESS_BACKGROUND_LOCATION" />
15-->src\main\AndroidManifest.xml:8:5-84
15-->src\main\AndroidManifest.xml:8:22-82
16    <uses-permission android:name="android.permission.USE_BIOMETRIC" />
16-->src\main\AndroidManifest.xml:9:5-71
16-->src\main\AndroidManifest.xml:9:22-69
17    <uses-permission android:name="android.permission.USE_FINGERPRINT" />
17-->src\main\AndroidManifest.xml:10:5-73
17-->src\main\AndroidManifest.xml:10:22-71
18    <uses-permission android:name="android.permission.FOREGROUND_SERVICE" />
18-->src\main\AndroidManifest.xml:11:5-77
18-->src\main\AndroidManifest.xml:11:22-74
19    <uses-permission android:name="android.permission.FOREGROUND_SERVICE_LOCATION" />
19-->src\main\AndroidManifest.xml:12:5-86
19-->src\main\AndroidManifest.xml:12:22-83
20    <!-- Consider removing battery optimizations unless absolutely needed -->
21    <!-- <uses-permission android:name="android.permission.REQUEST_IGNORE_BATTERY_OPTIMIZATIONS" /> -->
22    <uses-permission android:name="android.permission.WAKE_LOCK" />
22-->src\main\AndroidManifest.xml:15:5-68
22-->src\main\AndroidManifest.xml:15:22-65
23    <uses-permission android:name="android.permission.POST_NOTIFICATIONS" />
23-->src\main\AndroidManifest.xml:16:5-77
23-->src\main\AndroidManifest.xml:16:22-74
24    <uses-permission android:name="android.permission.RECEIVE_BOOT_COMPLETED" />
24-->[:flutter_foreground_task] AndroidManifest.xml:9:5-81
24-->[:flutter_foreground_task] AndroidManifest.xml:9:22-78
25    <uses-permission android:name="android.permission.VIBRATE" />
25-->[:flutter_local_notifications] AndroidManifest.xml:7:5-66
25-->[:flutter_local_notifications] AndroidManifest.xml:7:22-63
26
27    <permission
27-->[androidx.core:core:1.13.1] AndroidManifest.xml:22:5-24:47
28        android:name="com.example.geo_attendance.DYNAMIC_RECEIVER_NOT_EXPORTED_PERMISSION"
28-->[androidx.core:core:1.13.1] AndroidManifest.xml:23:9-81
29        android:protectionLevel="signature" />
29-->[androidx.core:core:1.13.1] AndroidManifest.xml:24:9-44
30
31    <uses-permission android:name="com.example.geo_attendance.DYNAMIC_RECEIVER_NOT_EXPORTED_PERMISSION" />
31-->[androidx.core:core:1.13.1] AndroidManifest.xml:26:5-97
31-->[androidx.core:core:1.13.1] AndroidManifest.xml:26:22-94
32
33    <application
34        android:name="android.app.Application"
34-->src\main\AndroidManifest.xml:21:9-42
35        android:appComponentFactory="androidx.core.app.CoreComponentFactory"
35-->[androidx.core:core:1.13.1] AndroidManifest.xml:28:18-86
36        android:extractNativeLibs="true"
37        android:icon="@mipmap/ic_launcher"
37-->src\main\AndroidManifest.xml:22:9-43
38        android:label="geo_attendance"
38-->src\main\AndroidManifest.xml:20:9-39
39        android:networkSecurityConfig="@xml/network_security_config" >
39-->src\main\AndroidManifest.xml:19:9-69
40
41        <!-- Services -->
42        <service
42-->src\main\AndroidManifest.xml:25:9-28:56
43            android:name="id.flutter.flutter_background_service.BackgroundService"
43-->src\main\AndroidManifest.xml:26:13-83
44            android:enabled="true"
44-->[:flutter_background_service_android] AndroidManifest.xml:14:13-35
45            android:exported="true"
45-->src\main\AndroidManifest.xml:27:13-36
46            android:foregroundServiceType="location"
46-->src\main\AndroidManifest.xml:28:13-53
47            android:stopWithTask="false" />
47-->[:flutter_background_service_android] AndroidManifest.xml:16:13-41
48
49        <activity
49-->src\main\AndroidManifest.xml:30:9-47:20
50            android:name="com.example.geo_attendance.MainActivity"
50-->src\main\AndroidManifest.xml:31:13-41
51            android:configChanges="orientation|keyboardHidden|keyboard|screenSize|smallestScreenSize|locale|layoutDirection|fontScale|screenLayout|density|uiMode"
51-->src\main\AndroidManifest.xml:35:13-163
52            android:exported="true"
52-->src\main\AndroidManifest.xml:32:13-36
53            android:hardwareAccelerated="true"
53-->src\main\AndroidManifest.xml:36:13-47
54            android:launchMode="singleTop"
54-->src\main\AndroidManifest.xml:33:13-43
55            android:theme="@style/LaunchTheme"
55-->src\main\AndroidManifest.xml:34:13-47
56            android:windowSoftInputMode="adjustResize" >
56-->src\main\AndroidManifest.xml:37:13-55
57            <meta-data
57-->src\main\AndroidManifest.xml:39:13-41:57
58                android:name="io.flutter.embedding.android.NormalTheme"
58-->src\main\AndroidManifest.xml:40:17-72
59                android:resource="@style/NormalTheme" />
59-->src\main\AndroidManifest.xml:41:17-54
60
61            <intent-filter>
61-->src\main\AndroidManifest.xml:43:13-46:29
62                <action android:name="android.intent.action.MAIN" />
62-->src\main\AndroidManifest.xml:44:17-68
62-->src\main\AndroidManifest.xml:44:25-66
63
64                <category android:name="android.intent.category.LAUNCHER" />
64-->src\main\AndroidManifest.xml:45:17-76
64-->src\main\AndroidManifest.xml:45:27-74
65            </intent-filter>
66        </activity>
67
68        <meta-data
68-->src\main\AndroidManifest.xml:49:9-51:33
69            android:name="flutterEmbedding"
69-->src\main\AndroidManifest.xml:50:13-44
70            android:value="2" />
70-->src\main\AndroidManifest.xml:51:13-30
71
72        <receiver
72-->[:flutter_foreground_task] AndroidManifest.xml:13:9-23:20
73            android:name="com.pravera.flutter_foreground_task.service.RebootReceiver"
73-->[:flutter_foreground_task] AndroidManifest.xml:14:13-86
74            android:enabled="true"
74-->[:flutter_foreground_task] AndroidManifest.xml:15:13-35
75            android:exported="true" >
75-->[:flutter_foreground_task] AndroidManifest.xml:16:13-36
76            <intent-filter>
76-->[:flutter_foreground_task] AndroidManifest.xml:17:13-22:29
77                <action android:name="android.intent.action.BOOT_COMPLETED" />
77-->[:flutter_foreground_task] AndroidManifest.xml:18:17-79
77-->[:flutter_foreground_task] AndroidManifest.xml:18:25-76
78                <action android:name="android.intent.action.MY_PACKAGE_REPLACED" />
78-->[:flutter_foreground_task] AndroidManifest.xml:19:17-84
78-->[:flutter_foreground_task] AndroidManifest.xml:19:25-81
79                <!-- This is required on HTC devices to support their "quickboot" feature -->
80                <action android:name="android.intent.action.QUICKBOOT_POWERON" />
80-->[:flutter_foreground_task] AndroidManifest.xml:21:17-82
80-->[:flutter_foreground_task] AndroidManifest.xml:21:25-79
81            </intent-filter>
82        </receiver>
83        <receiver
83-->[:flutter_foreground_task] AndroidManifest.xml:24:9-27:40
84            android:name="com.pravera.flutter_foreground_task.service.RestartReceiver"
84-->[:flutter_foreground_task] AndroidManifest.xml:25:13-87
85            android:enabled="true"
85-->[:flutter_foreground_task] AndroidManifest.xml:26:13-35
86            android:exported="false" />
86-->[:flutter_foreground_task] AndroidManifest.xml:27:13-37
87
88        <service
88-->[:geolocator_android] AndroidManifest.xml:8:9-12:56
89            android:name="com.baseflow.geolocator.GeolocatorLocationService"
89-->[:geolocator_android] AndroidManifest.xml:9:13-77
90            android:enabled="true"
90-->[:geolocator_android] AndroidManifest.xml:10:13-35
91            android:exported="false"
91-->[:geolocator_android] AndroidManifest.xml:11:13-37
92            android:foregroundServiceType="location" />
92-->[:geolocator_android] AndroidManifest.xml:12:13-53
93
94        <receiver
94-->[:flutter_background_service_android] AndroidManifest.xml:18:9-21:39
95            android:name="id.flutter.flutter_background_service.WatchdogReceiver"
95-->[:flutter_background_service_android] AndroidManifest.xml:19:13-82
96            android:enabled="true"
96-->[:flutter_background_service_android] AndroidManifest.xml:20:13-35
97            android:exported="true" />
97-->[:flutter_background_service_android] AndroidManifest.xml:21:13-36
98        <receiver
98-->[:flutter_background_service_android] AndroidManifest.xml:22:9-31:20
99            android:name="id.flutter.flutter_background_service.BootReceiver"
99-->[:flutter_background_service_android] AndroidManifest.xml:23:13-78
100            android:enabled="true"
100-->[:flutter_background_service_android] AndroidManifest.xml:24:13-35
101            android:exported="true" >
101-->[:flutter_background_service_android] AndroidManifest.xml:25:13-36
102            <intent-filter>
102-->[:flutter_foreground_task] AndroidManifest.xml:17:13-22:29
103                <action android:name="android.intent.action.BOOT_COMPLETED" />
103-->[:flutter_foreground_task] AndroidManifest.xml:18:17-79
103-->[:flutter_foreground_task] AndroidManifest.xml:18:25-76
104                <action android:name="android.intent.action.QUICKBOOT_POWERON" />
104-->[:flutter_foreground_task] AndroidManifest.xml:21:17-82
104-->[:flutter_foreground_task] AndroidManifest.xml:21:25-79
105                <action android:name="android.intent.action.MY_PACKAGE_REPLACED" />
105-->[:flutter_foreground_task] AndroidManifest.xml:19:17-84
105-->[:flutter_foreground_task] AndroidManifest.xml:19:25-81
106            </intent-filter>
107        </receiver>
108
109        <activity
109-->[com.google.android.gms:play-services-base:18.3.0] AndroidManifest.xml:20:9-22:45
110            android:name="com.google.android.gms.common.api.GoogleApiActivity"
110-->[com.google.android.gms:play-services-base:18.3.0] AndroidManifest.xml:20:19-85
111            android:exported="false"
111-->[com.google.android.gms:play-services-base:18.3.0] AndroidManifest.xml:22:19-43
112            android:theme="@android:style/Theme.Translucent.NoTitleBar" />
112-->[com.google.android.gms:play-services-base:18.3.0] AndroidManifest.xml:21:19-78
113
114        <meta-data
114-->[com.google.android.gms:play-services-basement:18.3.0] AndroidManifest.xml:21:9-23:69
115            android:name="com.google.android.gms.version"
115-->[com.google.android.gms:play-services-basement:18.3.0] AndroidManifest.xml:22:13-58
116            android:value="@integer/google_play_services_version" />
116-->[com.google.android.gms:play-services-basement:18.3.0] AndroidManifest.xml:23:13-66
117
118        <provider
118-->[androidx.emoji2:emoji2:1.2.0] AndroidManifest.xml:24:9-32:20
119            android:name="androidx.startup.InitializationProvider"
119-->[androidx.emoji2:emoji2:1.2.0] AndroidManifest.xml:25:13-67
120            android:authorities="com.example.geo_attendance.androidx-startup"
120-->[androidx.emoji2:emoji2:1.2.0] AndroidManifest.xml:26:13-68
121            android:exported="false" >
121-->[androidx.emoji2:emoji2:1.2.0] AndroidManifest.xml:27:13-37
122            <meta-data
122-->[androidx.emoji2:emoji2:1.2.0] AndroidManifest.xml:29:13-31:52
123                android:name="androidx.emoji2.text.EmojiCompatInitializer"
123-->[androidx.emoji2:emoji2:1.2.0] AndroidManifest.xml:30:17-75
124                android:value="androidx.startup" />
124-->[androidx.emoji2:emoji2:1.2.0] AndroidManifest.xml:31:17-49
125            <meta-data
125-->[androidx.lifecycle:lifecycle-process:2.7.0] AndroidManifest.xml:29:13-31:52
126                android:name="androidx.lifecycle.ProcessLifecycleInitializer"
126-->[androidx.lifecycle:lifecycle-process:2.7.0] AndroidManifest.xml:30:17-78
127                android:value="androidx.startup" />
127-->[androidx.lifecycle:lifecycle-process:2.7.0] AndroidManifest.xml:31:17-49
128            <meta-data
128-->[androidx.profileinstaller:profileinstaller:1.3.1] AndroidManifest.xml:29:13-31:52
129                android:name="androidx.profileinstaller.ProfileInstallerInitializer"
129-->[androidx.profileinstaller:profileinstaller:1.3.1] AndroidManifest.xml:30:17-85
130                android:value="androidx.startup" />
130-->[androidx.profileinstaller:profileinstaller:1.3.1] AndroidManifest.xml:31:17-49
131        </provider>
132
133        <uses-library
133-->[androidx.window:window:1.2.0] AndroidManifest.xml:23:9-25:40
134            android:name="androidx.window.extensions"
134-->[androidx.window:window:1.2.0] AndroidManifest.xml:24:13-54
135            android:required="false" />
135-->[androidx.window:window:1.2.0] AndroidManifest.xml:25:13-37
136        <uses-library
136-->[androidx.window:window:1.2.0] AndroidManifest.xml:26:9-28:40
137            android:name="androidx.window.sidecar"
137-->[androidx.window:window:1.2.0] AndroidManifest.xml:27:13-51
138            android:required="false" />
138-->[androidx.window:window:1.2.0] AndroidManifest.xml:28:13-37
139
140        <receiver
140-->[androidx.profileinstaller:profileinstaller:1.3.1] AndroidManifest.xml:34:9-52:20
141            android:name="androidx.profileinstaller.ProfileInstallReceiver"
141-->[androidx.profileinstaller:profileinstaller:1.3.1] AndroidManifest.xml:35:13-76
142            android:directBootAware="false"
142-->[androidx.profileinstaller:profileinstaller:1.3.1] AndroidManifest.xml:36:13-44
143            android:enabled="true"
143-->[androidx.profileinstaller:profileinstaller:1.3.1] AndroidManifest.xml:37:13-35
144            android:exported="true"
144-->[androidx.profileinstaller:profileinstaller:1.3.1] AndroidManifest.xml:38:13-36
145            android:permission="android.permission.DUMP" >
145-->[androidx.profileinstaller:profileinstaller:1.3.1] AndroidManifest.xml:39:13-57
146            <intent-filter>
146-->[androidx.profileinstaller:profileinstaller:1.3.1] AndroidManifest.xml:40:13-42:29
147                <action android:name="androidx.profileinstaller.action.INSTALL_PROFILE" />
147-->[androidx.profileinstaller:profileinstaller:1.3.1] AndroidManifest.xml:41:17-91
147-->[androidx.profileinstaller:profileinstaller:1.3.1] AndroidManifest.xml:41:25-88
148            </intent-filter>
149            <intent-filter>
149-->[androidx.profileinstaller:profileinstaller:1.3.1] AndroidManifest.xml:43:13-45:29
150                <action android:name="androidx.profileinstaller.action.SKIP_FILE" />
150-->[androidx.profileinstaller:profileinstaller:1.3.1] AndroidManifest.xml:44:17-85
150-->[androidx.profileinstaller:profileinstaller:1.3.1] AndroidManifest.xml:44:25-82
151            </intent-filter>
152            <intent-filter>
152-->[androidx.profileinstaller:profileinstaller:1.3.1] AndroidManifest.xml:46:13-48:29
153                <action android:name="androidx.profileinstaller.action.SAVE_PROFILE" />
153-->[androidx.profileinstaller:profileinstaller:1.3.1] AndroidManifest.xml:47:17-88
153-->[androidx.profileinstaller:profileinstaller:1.3.1] AndroidManifest.xml:47:25-85
154            </intent-filter>
155            <intent-filter>
155-->[androidx.profileinstaller:profileinstaller:1.3.1] AndroidManifest.xml:49:13-51:29
156                <action android:name="androidx.profileinstaller.action.BENCHMARK_OPERATION" />
156-->[androidx.profileinstaller:profileinstaller:1.3.1] AndroidManifest.xml:50:17-95
156-->[androidx.profileinstaller:profileinstaller:1.3.1] AndroidManifest.xml:50:25-92
157            </intent-filter>
158        </receiver>
159    </application>
160
161</manifest>